<?xml version="1.0" encoding="UTF-8"?>
<!-- Generated by org.testng.reporters.JUnitReportReporter -->
<testsuite hostname="DESKTOP-KE109TO" failures="0" tests="2" name="Qaclickacademy.Mavenjava.SeleniumTest" time="0.001" errors="0" timestamp="2021-05-04T10:48:35 IST" skipped="0">
  <testcase classname="Qaclickacademy.Mavenjava.SeleniumTest" name="ElementsUI" time="0.000"/>
  <system-out/>
  <testcase classname="Qaclickacademy.Mavenjava.SeleniumTest" name="BrowsweAutomation" time="0.001"/>
  <system-out/>
</testsuite> <!-- Qaclickacademy.Mavenjava.SeleniumTest -->
