<?xml version="1.0" encoding="UTF-8"?>
<!-- Generated by org.testng.reporters.JUnitReportReporter -->
<testsuite hostname="DESKTOP-KE109TO" failures="0" tests="1" name="Qaclickacademy.Mavenjava.AppiumTest" time="0.007" errors="0" timestamp="2021-05-04T10:48:35 IST" skipped="0">
  <testcase classname="Qaclickacademy.Mavenjava.AppiumTest" name="ElementsUI" time="0.007"/>
  <system-out/>
</testsuite> <!-- Qaclickacademy.Mavenjava.AppiumTest -->
